[?2004h[0KIN [1]: [8C1[?2004l
Starting Parse
Checking for Declaration
Checking Function
Checking for a Statement
Checking for Print Statement
Checking for Conditional
Checking for Equality
Checking for OR
Checking for AND
Checking for Equality
Checking for Comparison
Checking for Term.
Checking for Factor
Checking for Term.
Checking for a Call
Checking for Primary's
Checking for Term.
Checking for a Call
Checking for Primary's
Checking for Factor
Checking for Term.
Checking for a Call
Checking for Primary's
Checking for Term.
Checking for a Call
Checking for Primary's
Checking for Term.
Checking for Factor
Checking for Term.
Checking for a Call
Checking for Primary's
Checking for Term.
Checking for a Call
Checking for Primary's
Checking for Factor
Checking for Term.
Checking for a Call
Checking for Primary's
Checking for Term.
Checking for a Call
Checking for Primary's
Checking for Comparison
Checking for Term.
Checking for Factor
Checking for Term.
Checking for a Call
Checking for Primary's
Checking for Term.
Checking for a Call
Checking for Primary's
Checking for Factor
Checking for Term.
Checking for a Call
Checking for Primary's
Checking for Term.
Checking for a Call
Checking for Primary's
Checking for Term.
Checking for Factor
Checking for Term.
Checking for a Call
Checking for Primary's
Checking for Term.
Checking for a Call
Checking for Primary's
Checking for Factor
Checking for Term.
Checking for a Call
Checking for Primary's
Checking for Term.
Checking for a Call
Checking for Primary's
Checking for Declaration
Checking Function
Checking for a Statement
Checking for Print Statement
Checking for Conditional
Checking for Equality
Checking for OR
Checking for AND
Checking for Equality
Checking for Comparison
Checking for Term.
Checking for Factor
Checking for Term.
Checking for a Call
Checking for Primary's
Checking for Term.
Checking for a Call
Checking for Primary's
Checking for Factor
Checking for Term.
Checking for a Call
Checking for Primary's
Checking for Term.
Checking for a Call
Checking for Primary's
Checking for Term.
Checking for Factor
Checking for Term.
Checking for a Call
Checking for Primary's
Checking for Term.
Checking for a Call
Checking for Primary's
Checking for Factor
Checking for Term.
Checking for a Call
Checking for Primary's
Checking for Term.
Checking for a Call
Checking for Primary's
Checking for Comparison
Checking for Term.
Checking for Factor
Checking for Term.
Checking for a Call
Checking for Primary's
Checking for Term.
Checking for a Call
Checking for Primary's
Checking for Factor
Checking for Term.
Checking for a Call
Checking for Primary's
Checking for Term.
Checking for a Call
Checking for Primary's
Checking for Term.
Checking for Factor
Checking for Term.
Checking for a Call
Checking for Primary's
Checking for Term.
Checking for a Call
Checking for Primary's
Checking for Factor
Checking for Term.
Checking for a Call
Checking for Primary's
Checking for Term.
Checking for a Call
Checking for Primary's
Checking for Equality
Checking for OR
Checking for AND
Checking for Equality
Checking for Comparison
Checking for Term.
Checking for Factor
Checking for Term.
Checking for a Call
Checking for Primary's
Checking for Term.
Checking for a Call
Checking for Primary's
Checking for Factor
Checking for Term.
Checking for a Call
Checking for Primary's
Checking for Term.
Checking for a Call
Checking for Primary's
Checking for Term.
Checking for Factor
Checking for Term.
Checking for a Call
Checking for Primary's
Checking for Term.
Checking for a Call
Checking for Primary's
Checking for Factor
Checking for Term.
Checking for a Call
Checking for Primary's
Checking for Term.
Checking for a Call
Checking for Primary's
Checking for Comparison
Checking for Term.
Checking for Factor
Checking for Term.
Checking for a Call
Checking for Primary's
Checking for Term.
Checking for a Call
Checking for Primary's
Checking for Factor
Checking for Term.
Checking for a Call
Checking for Primary's
Checking for Term.
Checking for a Call
Checking for Primary's
Checking for Term.
Checking for Factor
Checking for Term.
Checking for a Call
Checking for Primary's
Checking for Term.
Checking for a Call
Checking for Primary's
Checking for Factor
Checking for Term.
Checking for a Call
Checking for Primary's
Checking for Term.
Checking for a Call
Checking for Primary's
Checking for block
[OUT]: Int(1)
[?2004h[0KIN [2]: [8C[?2004l
Interrupted
